<?xml version="1.0" encoding="UTF-8"?>
<testsuite xmlns:xsi="http://www.w3.org/2001/XMLSchema-instance" xsi:noNamespaceSchemaLocation="https://maven.apache.org/surefire/maven-surefire-plugin/xsd/surefire-test-report.xsd" name="com.hackerrank.weather.WeatherApiRestControllerTest" time="0.002" tests="1" errors="0" skipped="1" failures="0">
  <properties>
[...]
</properties>
  <testcase name="com.hackerrank.weather.WeatherApiRestControllerTest" classname="com.hackerrank.weather.WeatherApiRestControllerTest" time="0">
    <skipped/>
    <system-out><![CDATA[14:50:27.810 [main] DEBUG org.springframework.test.context.junit4.SpringJUnit4ClassRunner - SpringJUnit4ClassRunner constructor called with [class com.hackerrank.weather.WeatherApiRestControllerTest]
14:50:27.813 [main] DEBUG org.springframework.test.context.BootstrapUtils - Instantiating CacheAwareContextLoaderDelegate from class [org.springframework.test.context.cache.DefaultCacheAwareContextLoaderDelegate]
14:50:27.818 [main] DEBUG org.springframework.test.context.BootstrapUtils - Instantiating BootstrapContext using constructor [public org.springframework.test.context.support.DefaultBootstrapContext(java.lang.Class,org.springframework.test.context.CacheAwareContextLoaderDelegate)]
14:50:27.847 [main] DEBUG org.springframework.test.context.BootstrapUtils - Instantiating TestContextBootstrapper for test class [com.hackerrank.weather.WeatherApiRestControllerTest] from class [org.springframework.boot.test.context.SpringBootTestContextBootstrapper]
14:50:27.859 [main] INFO org.springframework.boot.test.context.SpringBootTestContextBootstrapper - Neither @ContextConfiguration nor @ContextHierarchy found for test class [com.hackerrank.weather.WeatherApiRestControllerTest], using SpringBootContextLoader
14:50:27.862 [main] DEBUG org.springframework.test.context.support.AbstractContextLoader - Did not detect default resource location for test class [com.hackerrank.weather.WeatherApiRestControllerTest]: class path resource [com/hackerrank/weather/WeatherApiRestControllerTest-context.xml] does not exist
14:50:27.862 [main] DEBUG org.springframework.test.context.support.AbstractContextLoader - Did not detect default resource location for test class [com.hackerrank.weather.WeatherApiRestControllerTest]: class path resource [com/hackerrank/weather/WeatherApiRestControllerTestContext.groovy] does not exist
14:50:27.863 [main] INFO org.springframework.test.context.support.AbstractContextLoader - Could not detect default resource locations for test class [com.hackerrank.weather.WeatherApiRestControllerTest]: no resource found for suffixes {-context.xml, Context.groovy}.
14:50:27.863 [main] INFO org.springframework.test.context.support.AnnotationConfigContextLoaderUtils - Could not detect default configuration classes for test class [com.hackerrank.weather.WeatherApiRestControllerTest]: WeatherApiRestControllerTest does not declare any static, non-private, non-final, nested classes annotated with @Configuration.
14:50:27.895 [main] DEBUG org.springframework.test.context.support.ActiveProfilesUtils - Could not find an 'annotation declaring class' for annotation type [org.springframework.test.context.ActiveProfiles] and class [com.hackerrank.weather.WeatherApiRestControllerTest]
14:50:27.936 [main] DEBUG org.springframework.context.annotation.ClassPathScanningCandidateComponentProvider - Identified candidate component class: file [D:\Programming\projects\WeatherApi\WeatherApi\target\classes\com\hackerrank\weather\Application.class]
14:50:27.937 [main] INFO org.springframework.boot.test.context.SpringBootTestContextBootstrapper - Found @SpringBootConfiguration com.hackerrank.weather.Application for test class com.hackerrank.weather.WeatherApiRestControllerTest
14:50:27.999 [main] DEBUG org.springframework.boot.test.context.SpringBootTestContextBootstrapper - @TestExecutionListeners is not present for class [com.hackerrank.weather.WeatherApiRestControllerTest]: using defaults.
14:50:28.000 [main] INFO org.springframework.boot.test.context.SpringBootTestContextBootstrapper - Loaded default TestExecutionListener class names from location [META-INF/spring.factories]: [org.springframework.boot.test.mock.mockito.MockitoTestExecutionListener, org.springframework.boot.test.mock.mockito.ResetMocksTestExecutionListener, org.springframework.boot.test.autoconfigure.restdocs.RestDocsTestExecutionListener, org.springframework.boot.test.autoconfigure.web.client.MockRestServiceServerResetTestExecutionListener, org.springframework.boot.test.autoconfigure.web.servlet.MockMvcPrintOnlyOnFailureTestExecutionListener, org.springframework.boot.test.autoconfigure.web.servlet.WebDriverTestExecutionListener, org.springframework.test.context.web.ServletTestExecutionListener, org.springframework.test.context.support.DirtiesContextBeforeModesTestExecutionListener, org.springframework.test.context.support.DependencyInjectionTestExecutionListener, org.springframework.test.context.support.DirtiesContextTestExecutionListener, org.springframework.test.context.transaction.TransactionalTestExecutionListener, org.springframework.test.context.jdbc.SqlScriptsTestExecutionListener, org.springframework.test.context.event.EventPublishingTestExecutionListener]
14:50:28.010 [main] INFO org.springframework.boot.test.context.SpringBootTestContextBootstrapper - Using TestExecutionListeners: [org.springframework.test.context.web.ServletTestExecutionListener@48c76607, org.springframework.test.context.support.DirtiesContextBeforeModesTestExecutionListener@43599640, org.springframework.boot.test.mock.mockito.MockitoTestExecutionListener@1f81aa00, org.springframework.boot.test.autoconfigure.SpringBootDependencyInjectionTestExecutionListener@6b6776cb, org.springframework.test.context.support.DirtiesContextTestExecutionListener@1863d2fe, org.springframework.test.context.transaction.TransactionalTestExecutionListener@1787bc24, org.springframework.test.context.jdbc.SqlScriptsTestExecutionListener@544d57e, org.springframework.test.context.event.EventPublishingTestExecutionListener@55c53a33, org.springframework.boot.test.mock.mockito.ResetMocksTestExecutionListener@53b7f657, org.springframework.boot.test.autoconfigure.restdocs.RestDocsTestExecutionListener@797b0699, org.springframework.boot.test.autoconfigure.web.client.MockRestServiceServerResetTestExecutionListener@5a37d3ed, org.springframework.boot.test.autoconfigure.web.servlet.MockMvcPrintOnlyOnFailureTestExecutionListener@26df6e3a, org.springframework.boot.test.autoconfigure.web.servlet.WebDriverTestExecutionListener@4a3631f8]
14:50:28.014 [main] DEBUG org.springframework.test.annotation.ProfileValueUtils - Retrieved @ProfileValueSourceConfiguration [null] for test class [com.hackerrank.weather.WeatherApiRestControllerTest]
14:50:28.015 [main] DEBUG org.springframework.test.annotation.ProfileValueUtils - Retrieved ProfileValueSource type [class org.springframework.test.annotation.SystemProfileValueSource] for class [com.hackerrank.weather.WeatherApiRestControllerTest]
14:50:28.037 [main] DEBUG org.springframework.test.context.junit4.SpringJUnit4ClassRunner - SpringJUnit4ClassRunner constructor called with [class com.hackerrank.weather.WeatherApiRestControllerTest]
14:50:28.037 [main] DEBUG org.springframework.test.context.BootstrapUtils - Instantiating CacheAwareContextLoaderDelegate from class [org.springframework.test.context.cache.DefaultCacheAwareContextLoaderDelegate]
14:50:28.037 [main] DEBUG org.springframework.test.context.BootstrapUtils - Instantiating BootstrapContext using constructor [public org.springframework.test.context.support.DefaultBootstrapContext(java.lang.Class,org.springframework.test.context.CacheAwareContextLoaderDelegate)]
14:50:28.038 [main] DEBUG org.springframework.test.context.BootstrapUtils - Instantiating TestContextBootstrapper for test class [com.hackerrank.weather.WeatherApiRestControllerTest] from class [org.springframework.boot.test.context.SpringBootTestContextBootstrapper]
14:50:28.038 [main] INFO org.springframework.boot.test.context.SpringBootTestContextBootstrapper - Neither @ContextConfiguration nor @ContextHierarchy found for test class [com.hackerrank.weather.WeatherApiRestControllerTest], using SpringBootContextLoader
14:50:28.039 [main] DEBUG org.springframework.test.context.support.AbstractContextLoader - Did not detect default resource location for test class [com.hackerrank.weather.WeatherApiRestControllerTest]: class path resource [com/hackerrank/weather/WeatherApiRestControllerTest-context.xml] does not exist
14:50:28.039 [main] DEBUG org.springframework.test.context.support.AbstractContextLoader - Did not detect default resource location for test class [com.hackerrank.weather.WeatherApiRestControllerTest]: class path resource [com/hackerrank/weather/WeatherApiRestControllerTestContext.groovy] does not exist
14:50:28.039 [main] INFO org.springframework.test.context.support.AbstractContextLoader - Could not detect default resource locations for test class [com.hackerrank.weather.WeatherApiRestControllerTest]: no resource found for suffixes {-context.xml, Context.groovy}.
14:50:28.039 [main] INFO org.springframework.test.context.support.AnnotationConfigContextLoaderUtils - Could not detect default configuration classes for test class [com.hackerrank.weather.WeatherApiRestControllerTest]: WeatherApiRestControllerTest does not declare any static, non-private, non-final, nested classes annotated with @Configuration.
14:50:28.043 [main] DEBUG org.springframework.test.context.support.ActiveProfilesUtils - Could not find an 'annotation declaring class' for annotation type [org.springframework.test.context.ActiveProfiles] and class [com.hackerrank.weather.WeatherApiRestControllerTest]
14:50:28.044 [main] INFO org.springframework.boot.test.context.SpringBootTestContextBootstrapper - Found @SpringBootConfiguration com.hackerrank.weather.Application for test class com.hackerrank.weather.WeatherApiRestControllerTest
14:50:28.047 [main] DEBUG org.springframework.boot.test.context.SpringBootTestContextBootstrapper - @TestExecutionListeners is not present for class [com.hackerrank.weather.WeatherApiRestControllerTest]: using defaults.
14:50:28.047 [main] INFO org.springframework.boot.test.context.SpringBootTestContextBootstrapper - Loaded default TestExecutionListener class names from location [META-INF/spring.factories]: [org.springframework.boot.test.mock.mockito.MockitoTestExecutionListener, org.springframework.boot.test.mock.mockito.ResetMocksTestExecutionListener, org.springframework.boot.test.autoconfigure.restdocs.RestDocsTestExecutionListener, org.springframework.boot.test.autoconfigure.web.client.MockRestServiceServerResetTestExecutionListener, org.springframework.boot.test.autoconfigure.web.servlet.MockMvcPrintOnlyOnFailureTestExecutionListener, org.springframework.boot.test.autoconfigure.web.servlet.WebDriverTestExecutionListener, org.springframework.test.context.web.ServletTestExecutionListener, org.springframework.test.context.support.DirtiesContextBeforeModesTestExecutionListener, org.springframework.test.context.support.DependencyInjectionTestExecutionListener, org.springframework.test.context.support.DirtiesContextTestExecutionListener, org.springframework.test.context.transaction.TransactionalTestExecutionListener, org.springframework.test.context.jdbc.SqlScriptsTestExecutionListener, org.springframework.test.context.event.EventPublishingTestExecutionListener]
14:50:28.047 [main] INFO org.springframework.boot.test.context.SpringBootTestContextBootstrapper - Using TestExecutionListeners: [org.springframework.test.context.web.ServletTestExecutionListener@5e3d57c7, org.springframework.test.context.support.DirtiesContextBeforeModesTestExecutionListener@732d0d24, org.springframework.boot.test.mock.mockito.MockitoTestExecutionListener@1fb19a0, org.springframework.boot.test.autoconfigure.SpringBootDependencyInjectionTestExecutionListener@6ee4d9ab, org.springframework.test.context.support.DirtiesContextTestExecutionListener@5a5338df, org.springframework.test.context.transaction.TransactionalTestExecutionListener@418c5a9c, org.springframework.test.context.jdbc.SqlScriptsTestExecutionListener@18e36d14, org.springframework.test.context.event.EventPublishingTestExecutionListener@5082d622, org.springframework.boot.test.mock.mockito.ResetMocksTestExecutionListener@13d4992d, org.springframework.boot.test.autoconfigure.restdocs.RestDocsTestExecutionListener@302f7971, org.springframework.boot.test.autoconfigure.web.client.MockRestServiceServerResetTestExecutionListener@332729ad, org.springframework.boot.test.autoconfigure.web.servlet.MockMvcPrintOnlyOnFailureTestExecutionListener@75d2da2d, org.springframework.boot.test.autoconfigure.web.servlet.WebDriverTestExecutionListener@4278284b]
14:50:28.047 [main] DEBUG org.springframework.test.annotation.ProfileValueUtils - Retrieved @ProfileValueSourceConfiguration [null] for test class [com.hackerrank.weather.WeatherApiRestControllerTest]
14:50:28.047 [main] DEBUG org.springframework.test.annotation.ProfileValueUtils - Retrieved ProfileValueSource type [class org.springframework.test.annotation.SystemProfileValueSource] for class [com.hackerrank.weather.WeatherApiRestControllerTest]
14:50:28.091 [main] DEBUG org.springframework.test.annotation.ProfileValueUtils - Retrieved @ProfileValueSourceConfiguration [null] for test class [com.hackerrank.weather.WeatherApiRestControllerTest]
14:50:28.091 [main] DEBUG org.springframework.test.annotation.ProfileValueUtils - Retrieved ProfileValueSource type [class org.springframework.test.annotation.SystemProfileValueSource] for class [com.hackerrank.weather.WeatherApiRestControllerTest]
14:50:28.092 [main] DEBUG org.springframework.test.annotation.ProfileValueUtils - Retrieved @ProfileValueSourceConfiguration [null] for test class [com.hackerrank.weather.WeatherApiRestControllerTest]
14:50:28.092 [main] DEBUG org.springframework.test.annotation.ProfileValueUtils - Retrieved ProfileValueSource type [class org.springframework.test.annotation.SystemProfileValueSource] for class [com.hackerrank.weather.WeatherApiRestControllerTest]
]]></system-out>
  </testcase>
</testsuite>